Solid Edge-Konvertierung in FBX
Datum: Donnerstag,Oktober 10,2024 09:41
Ausgabedatei: F:\Rogetower\roge-tower\teils\Ecke1.fbx
Autor: Unbekannt
Organisation: Unbekannt
Ausgangssystem: SOLID EDGE

Hardware:
Prozessor: AMD Ryzen 5 5600G with Radeon Graphics         
Betriebssystem: Windows 10
Installierter Speicher: 27.89 GB

Software-Informationen:
Parasolid-Version: 32.1.222
PSBodyshop-Version: 32.1.94
FBX-Adapterversion: 5.0.100
Solid Edge-Version: 221.00.03.003 x64

FBX-Exportoptionen:
Konstruktionsvolumen exportieren: Aus
Angezeigte Teile exportieren: Aus
Konstruktionsbleche exportieren: Aus
Protokollierung aktivieren:Ein
Texturen exportieren: Aus
Reduzierte Baugruppe exportieren:On
Export Construction Solids and Sheets if design bodies not present:Aus
Einheiten exportieren:Centimeters
Toleranzwert exportieren:1.250000
Toleranztyp exportieren:Custom
Flächenplanwinkelwert exportieren:0.523599

Konvertierungsfortschritt:
Konvertierungsvorgang ist abgeschlossen
Zum Konvertieren benötigte Zeit:00 : 00 : 01
